<?xml version="1.0" encoding="UTF-8"?>
<!-- Generated by org.testng.reporters.JUnitReportReporter -->
<testsuite hostname="DESKTOP-B8KML2J" failures="0" tests="4" name="com.qa.openmrs.tests.loginpagetest" time="59.702" errors="0" timestamp="03 Apr 2021 15:57:56 GMT" skipped="0">
  <testcase classname="com.qa.openmrs.tests.loginpagetest" name="validatelogotest" time="14.240"/>
  <testcase classname="com.qa.openmrs.tests.loginpagetest" name="validatetitle" time="11.054"/>
  <testcase classname="com.qa.openmrs.tests.loginpagetest" name="validatelinktest" time="13.056"/>
  <testcase classname="com.qa.openmrs.tests.loginpagetest" name="logintest" time="21.352"/>
</testsuite> <!-- com.qa.openmrs.tests.loginpagetest -->
