<?xml version="1.0" encoding="UTF-8"?>
<!-- Generated by org.testng.reporters.JUnitReportReporter -->
<testsuite skipped="0" hostname="DESKTOP-B8KML2J" name="com.qa.openmrs.tests.loginpagetest" tests="4" failures="0" timestamp="07 Mar 2021 14:47:25 GMT" time="36.307" errors="0">
  <testcase name="validatelogotest" time="7.633" classname="com.qa.openmrs.tests.loginpagetest"/>
  <testcase name="validatetitle" time="7.921" classname="com.qa.openmrs.tests.loginpagetest"/>
  <testcase name="validatelinktest" time="7.628" classname="com.qa.openmrs.tests.loginpagetest"/>
  <testcase name="logintest" time="13.125" classname="com.qa.openmrs.tests.loginpagetest"/>
</testsuite> <!-- com.qa.openmrs.tests.loginpagetest -->
